<?xml version="1.0" encoding="UTF-8"?>
<!-- Generated by org.testng.reporters.JUnitXMLReporter -->
<testsuite ignored="0" hostname="DESKTOP-EHKADM5" failures="0" tests="4" name="Regression" time="34.53" errors="0" timestamp="2022-05-10T19:43:27 EDT">
  <testcase classname="piit.AutomatinTrainingProgram.browsers" name="f" time="0.372"/>
  <testcase classname="piit.AutomatinTrainingProgram.Signout" name="f" time="13.522"/>
  <testcase classname="piit.AutomatinTrainingProgram.Signout" name="TextVerificationMethod" time="6.351"/>
  <testcase classname="piit.AutomatinTrainingProgram.Execution" name="f" time="0.002"/>
</testsuite> <!-- Regression -->
