<?xml version="1.0" encoding="UTF-8"?>
<!-- Generated by org.testng.reporters.JUnitXMLReporter -->
<testsuite ignored="0" hostname="DESKTOP-EHKADM5" failures="2" tests="4" name="RegressionOfEdge" time="0.094" errors="0" timestamp="2022-05-11T18:33:15 EDT">
  <testcase classname="piit.AutomatinTrainingProgram.browsers" name="f" time="0.013">
    <failure type="java.lang.NullPointerException">
      <![CDATA[java.lang.NullPointerException
at piit.AutomatinTrainingProgram.browsers.f(browsers.java:20)
at java.base/java.util.ArrayList.forEach(ArrayList.java:1541)
at java.base/java.util.concurrent.FutureTask.run(FutureTask.java:264)
at java.base/java.util.concurrent.ThreadPoolExecutor.runWorker(ThreadPoolExecutor.java:1128)
at java.base/java.util.concurrent.ThreadPoolExecutor$Worker.run(ThreadPoolExecutor.java:628)
at java.base/java.lang.Thread.run(Thread.java:834)
... Removed 18 stack frames]]>
    </failure>
  </testcase> <!-- f -->
  <testcase classname="piit.AutomatinTrainingProgram.Execution" name="f" time="0.001"/>
  <testcase classname="piit.AutomatinTrainingProgram.Signout" name="f" time="0.026">
    <failure type="java.lang.NullPointerException">
      <![CDATA[java.lang.NullPointerException
at org.openqa.selenium.support.pagefactory.DefaultElementLocator.findElement(DefaultElementLocator.java:70)
at org.openqa.selenium.support.pagefactory.internal.LocatingElementHandler.invoke(LocatingElementHandler.java:39)
at com.sun.proxy.$Proxy22.sendKeys(Unknown Source)
at PageObjectModel.Home.Email(Home.java:24)
at piit.AutomatinTrainingProgram.Signout.f(Signout.java:33)
at java.base/java.util.ArrayList.forEach(ArrayList.java:1541)
at java.base/java.util.concurrent.FutureTask.run(FutureTask.java:264)
at java.base/java.util.concurrent.ThreadPoolExecutor.runWorker(ThreadPoolExecutor.java:1128)
at java.base/java.util.concurrent.ThreadPoolExecutor$Worker.run(ThreadPoolExecutor.java:628)
at java.base/java.lang.Thread.run(Thread.java:834)
... Removed 18 stack frames]]>
    </failure>
  </testcase> <!-- f -->
  <testcase classname="piit.AutomatinTrainingProgram.Signout" name="TextVerificationMethod" time="0.0">
    <skipped/>
  </testcase> <!-- TextVerificationMethod -->
</testsuite> <!-- RegressionOfEdge -->
